[debug] [2021-06-01T06:01:50.266Z] ----------------------------------------------------------------------
[debug] [2021-06-01T06:01:50.268Z] Command:       /home/rizki/.nvm/versions/node/v12.13.1/bin/node /usr/local/bin/firebase init
[debug] [2021-06-01T06:01:50.268Z] CLI Version:   9.3.0
[debug] [2021-06-01T06:01:50.268Z] Platform:      linux
[debug] [2021-06-01T06:01:50.268Z] Node Version:  v12.13.1
[debug] [2021-06-01T06:01:50.269Z] Time:          Tue Jun 01 2021 13:01:50 GMT+0700 (Western Indonesia Time)
[debug] [2021-06-01T06:01:50.269Z] ----------------------------------------------------------------------
[debug] [2021-06-01T06:01:50.269Z] 
[debug] [2021-06-01T06:01:50.271Z] >>> [apiv2][query] GET https://firebase-public.firebaseio.com/cli.json [none]
[debug] [2021-06-01T06:01:50.287Z] > command requires scopes: ["email","openid","https://www.googleapis.com/auth/cloudplatformprojects.readonly","https://www.googleapis.com/auth/firebase","https://www.googleapis.com/auth/cloud-platform"]
[debug] [2021-06-01T06:01:50.288Z] > authorizing via signed-in user
[info] 
     ######## #### ########  ######## ########     ###     ######  ########
     ##        ##  ##     ## ##       ##     ##  ##   ##  ##       ##
     ######    ##  ########  ######   ########  #########  ######  ######
     ##        ##  ##    ##  ##       ##     ## ##     ##       ## ##
     ##       #### ##     ## ######## ########  ##     ##  ######  ########

You're about to initialize a Firebase project in this directory:

  /home/rizki/Desktop/job/mhdrizkicandra/my-app

[debug] [2021-06-01T06:01:51.002Z] <<< [apiv2][status] GET https://firebase-public.firebaseio.com/cli.json 200
[debug] [2021-06-01T06:01:51.003Z] <<< [apiv2][body] GET https://firebase-public.firebaseio.com/cli.json {"cloudBuildErrorAfter":1594252800000,"cloudBuildWarnAfter":1590019200000,"defaultNode10After":1594252800000,"minVersion":"3.0.5","node8DeploysDisabledAfter":1613390400000,"node8RuntimeDisabledAfter":1615809600000,"node8WarnAfter":1600128000000}
